app/build/intermediates/manifest_merge_blame_file/release/processReleaseMainManifest/manifest-merger-blame-release-report.txt
1<?xml version="1.0" encoding="utf-8"?>
2<manifest xmlns:android="http://schemas.android.com/apk/res/android"
3    package="com.localllm.server"
4    android:versionCode="1"
5    android:versionName="1.0" >
6
7    <uses-sdk
8        android:minSdkVersion="29"
9        android:targetSdkVersion="34" />
10
11    <!-- 前台服务保活权限 -->
12    <uses-permission android:name="android.permission.FOREGROUND_SERVICE" />
12-->src\main\AndroidManifest.xml:6:5-77
12-->src\main\AndroidManifest.xml:6:22-74
13    <uses-permission android:name="android.permission.FOREGROUND_SERVICE_DATA_SYNC" />
13-->src\main\AndroidManifest.xml:7:5-87
13-->src\main\AndroidManifest.xml:7:22-84
14    <!-- Android 13+ 通知栏显示权限 -->
15    <uses-permission android:name="android.permission.POST_NOTIFICATIONS" />
15-->src\main\AndroidManifest.xml:9:5-77
15-->src\main\AndroidManifest.xml:9:22-74
16
17    <!-- 允许应用访问网络（建立 localhost 绑定） -->
18    <uses-permission android:name="android.permission.INTERNET" />
18-->src\main\AndroidManifest.xml:12:5-67
18-->src\main\AndroidManifest.xml:12:22-64
19
20    <permission
20-->[androidx.core:core:1.13.1] AndroidManifest.xml:22:5-24:47
21        android:name="com.localllm.server.DYNAMIC_RECEIVER_NOT_EXPORTED_PERMISSION"
21-->[androidx.core:core:1.13.1] AndroidManifest.xml:23:9-81
22        android:protectionLevel="signature" />
22-->[androidx.core:core:1.13.1] AndroidManifest.xml:24:9-44
23
24    <uses-permission android:name="com.localllm.server.DYNAMIC_RECEIVER_NOT_EXPORTED_PERMISSION" />
24-->[androidx.core:core:1.13.1] AndroidManifest.xml:26:5-97
24-->[androidx.core:core:1.13.1] AndroidManifest.xml:26:22-94
25
26    <application
26-->src\main\AndroidManifest.xml:14:5-81:19
27        android:allowBackup="true"
27-->src\main\AndroidManifest.xml:15:9-35
28        android:appComponentFactory="androidx.core.app.CoreComponentFactory"
28-->[androidx.core:core:1.13.1] AndroidManifest.xml:28:18-86
29        android:dataExtractionRules="@xml/data_extraction_rules"
29-->src\main\AndroidManifest.xml:16:9-65
30        android:extractNativeLibs="true"
30-->src\main\AndroidManifest.xml:23:9-41
31        android:fullBackupContent="@xml/backup_rules"
31-->src\main\AndroidManifest.xml:17:9-54
32        android:icon="@mipmap/ic_launcher"
32-->src\main\AndroidManifest.xml:18:9-43
33        android:label="@string/app_name"
33-->src\main\AndroidManifest.xml:19:9-41
34        android:roundIcon="@mipmap/ic_launcher_round"
34-->src\main\AndroidManifest.xml:20:9-54
35        android:supportsRtl="true"
35-->src\main\AndroidManifest.xml:21:9-35
36        android:theme="@style/Theme.LatentYield"
36-->src\main\AndroidManifest.xml:22:9-49
37        android:usesCleartextTraffic="true" >
37-->src\main\AndroidManifest.xml:24:9-44
38        <activity
38-->src\main\AndroidManifest.xml:27:9-70:20
39            android:name="com.localllm.server.ui.MainActivity"
39-->src\main\AndroidManifest.xml:28:13-44
40            android:exported="true"
40-->src\main\AndroidManifest.xml:29:13-36
41            android:launchMode="singleTask"
41-->src\main\AndroidManifest.xml:30:13-44
42            android:theme="@style/Theme.LatentYield" >
42-->src\main\AndroidManifest.xml:31:13-53
43            <intent-filter>
43-->src\main\AndroidManifest.xml:32:13-35:29
44                <action android:name="android.intent.action.MAIN" />
44-->src\main\AndroidManifest.xml:33:17-69
44-->src\main\AndroidManifest.xml:33:25-66
45
46                <category android:name="android.intent.category.LAUNCHER" />
46-->src\main\AndroidManifest.xml:34:17-77
46-->src\main\AndroidManifest.xml:34:27-74
47            </intent-filter>
48
49            <!-- 允许通过微信/文件管理器直接打开 GGUF -->
50            <intent-filter>
50-->src\main\AndroidManifest.xml:38:13-48:29
51                <action android:name="android.intent.action.VIEW" />
51-->src\main\AndroidManifest.xml:39:17-69
51-->src\main\AndroidManifest.xml:39:25-66
52
53                <category android:name="android.intent.category.DEFAULT" />
53-->src\main\AndroidManifest.xml:40:17-76
53-->src\main\AndroidManifest.xml:40:27-73
54                <category android:name="android.intent.category.BROWSABLE" />
54-->src\main\AndroidManifest.xml:41:17-78
54-->src\main\AndroidManifest.xml:41:27-75
55
56                <data android:scheme="file" />
56-->src\main\AndroidManifest.xml:42:17-47
56-->src\main\AndroidManifest.xml:42:23-44
57                <data android:scheme="content" />
57-->src\main\AndroidManifest.xml:42:17-47
57-->src\main\AndroidManifest.xml:42:23-44
58                <data android:host="*" />
58-->src\main\AndroidManifest.xml:42:17-47
58-->src\main\AndroidManifest.xml:44:23-39
59                <data android:pathPattern=".*\\.gguf" />
59-->src\main\AndroidManifest.xml:42:17-47
59-->src\main\AndroidManifest.xml:45:23-54
60                <data android:pathPattern=".*\\..*\\.gguf" />
60-->src\main\AndroidManifest.xml:42:17-47
60-->src\main\AndroidManifest.xml:45:23-54
61                <data android:pathPattern=".*\\.GGUF" />
61-->src\main\AndroidManifest.xml:42:17-47
61-->src\main\AndroidManifest.xml:45:23-54
62            </intent-filter>
63
64            <!-- 专门处理 QQ / 微信，它们通常分配 application/octet-stream 且丢失文件后缀 -->
65            <intent-filter>
65-->src\main\AndroidManifest.xml:51:13-55:29
66                <action android:name="android.intent.action.VIEW" />
66-->src\main\AndroidManifest.xml:39:17-69
66-->src\main\AndroidManifest.xml:39:25-66
67
68                <category android:name="android.intent.category.DEFAULT" />
68-->src\main\AndroidManifest.xml:40:17-76
68-->src\main\AndroidManifest.xml:40:27-73
69
70                <data
70-->src\main\AndroidManifest.xml:42:17-47
71                    android:mimeType="application/octet-stream"
71-->src\main\AndroidManifest.xml:54:48-91
72                    android:scheme="content" />
72-->src\main\AndroidManifest.xml:42:23-44
73            </intent-filter>
74
75            <!-- 兼容识别为任意文件但仍保留后缀的弱智文件管理器 -->
76            <intent-filter>
76-->src\main\AndroidManifest.xml:58:13-62:29
77                <action android:name="android.intent.action.VIEW" />
77-->src\main\AndroidManifest.xml:39:17-69
77-->src\main\AndroidManifest.xml:39:25-66
78
79                <category android:name="android.intent.category.DEFAULT" />
79-->src\main\AndroidManifest.xml:40:17-76
79-->src\main\AndroidManifest.xml:40:27-73
80
81                <data
81-->src\main\AndroidManifest.xml:42:17-47
82                    android:mimeType="*/*"
82-->src\main\AndroidManifest.xml:54:48-91
83                    android:pathPattern=".*\\.gguf"
83-->src\main\AndroidManifest.xml:45:23-54
84                    android:scheme="content" />
84-->src\main\AndroidManifest.xml:42:23-44
85            </intent-filter>
86
87            <!-- 允许外部应用通过分享（Share）发送文件 -->
88            <intent-filter>
88-->src\main\AndroidManifest.xml:65:13-69:29
89                <action android:name="android.intent.action.SEND" />
89-->src\main\AndroidManifest.xml:66:17-69
89-->src\main\AndroidManifest.xml:66:25-66
90
91                <category android:name="android.intent.category.DEFAULT" />
91-->src\main\AndroidManifest.xml:40:17-76
91-->src\main\AndroidManifest.xml:40:27-73
92
93                <data android:mimeType="*/*" />
93-->src\main\AndroidManifest.xml:42:17-47
93-->src\main\AndroidManifest.xml:54:48-91
94            </intent-filter>
95        </activity>
96
97        <service
97-->src\main\AndroidManifest.xml:72:9-75:40
98            android:name="com.localllm.server.service.LlamaServerService"
98-->src\main\AndroidManifest.xml:73:13-55
99            android:exported="false"
99-->src\main\AndroidManifest.xml:75:13-37
100            android:foregroundServiceType="dataSync" />
100-->src\main\AndroidManifest.xml:74:13-53
101        <service
101-->src\main\AndroidManifest.xml:77:9-80:40
102            android:name="com.localllm.server.service.DaemonProxyService"
102-->src\main\AndroidManifest.xml:78:13-55
103            android:exported="false"
103-->src\main\AndroidManifest.xml:80:13-37
104            android:foregroundServiceType="dataSync" />
104-->src\main\AndroidManifest.xml:79:13-53
105
106        <provider
106-->[androidx.emoji2:emoji2:1.3.0] AndroidManifest.xml:24:9-32:20
107            android:name="androidx.startup.InitializationProvider"
107-->[androidx.emoji2:emoji2:1.3.0] AndroidManifest.xml:25:13-67
108            android:authorities="com.localllm.server.androidx-startup"
108-->[androidx.emoji2:emoji2:1.3.0] AndroidManifest.xml:26:13-68
109            android:exported="false" >
109-->[androidx.emoji2:emoji2:1.3.0] AndroidManifest.xml:27:13-37
110            <meta-data
110-->[androidx.emoji2:emoji2:1.3.0] AndroidManifest.xml:29:13-31:52
111                android:name="androidx.emoji2.text.EmojiCompatInitializer"
111-->[androidx.emoji2:emoji2:1.3.0] AndroidManifest.xml:30:17-75
112                android:value="androidx.startup" />
112-->[androidx.emoji2:emoji2:1.3.0] AndroidManifest.xml:31:17-49
113            <meta-data
113-->[androidx.lifecycle:lifecycle-process:2.6.2] AndroidManifest.xml:29:13-31:52
114                android:name="androidx.lifecycle.ProcessLifecycleInitializer"
114-->[androidx.lifecycle:lifecycle-process:2.6.2] AndroidManifest.xml:30:17-78
115                android:value="androidx.startup" />
115-->[androidx.lifecycle:lifecycle-process:2.6.2] AndroidManifest.xml:31:17-49
116            <meta-data
116-->[androidx.profileinstaller:profileinstaller:1.3.1] AndroidManifest.xml:29:13-31:52
117                android:name="androidx.profileinstaller.ProfileInstallerInitializer"
117-->[androidx.profileinstaller:profileinstaller:1.3.1] AndroidManifest.xml:30:17-85
118                android:value="androidx.startup" />
118-->[androidx.profileinstaller:profileinstaller:1.3.1] AndroidManifest.xml:31:17-49
119        </provider>
120
121        <receiver
121-->[androidx.profileinstaller:profileinstaller:1.3.1] AndroidManifest.xml:34:9-52:20
122            android:name="androidx.profileinstaller.ProfileInstallReceiver"
122-->[androidx.profileinstaller:profileinstaller:1.3.1] AndroidManifest.xml:35:13-76
123            android:directBootAware="false"
123-->[androidx.profileinstaller:profileinstaller:1.3.1] AndroidManifest.xml:36:13-44
124            android:enabled="true"
124-->[androidx.profileinstaller:profileinstaller:1.3.1] AndroidManifest.xml:37:13-35
125            android:exported="true"
125-->[androidx.profileinstaller:profileinstaller:1.3.1] AndroidManifest.xml:38:13-36
126            android:permission="android.permission.DUMP" >
126-->[androidx.profileinstaller:profileinstaller:1.3.1] AndroidManifest.xml:39:13-57
127            <intent-filter>
127-->[androidx.profileinstaller:profileinstaller:1.3.1] AndroidManifest.xml:40:13-42:29
128                <action android:name="androidx.profileinstaller.action.INSTALL_PROFILE" />
128-->[androidx.profileinstaller:profileinstaller:1.3.1] AndroidManifest.xml:41:17-91
128-->[androidx.profileinstaller:profileinstaller:1.3.1] AndroidManifest.xml:41:25-88
129            </intent-filter>
130            <intent-filter>
130-->[androidx.profileinstaller:profileinstaller:1.3.1] AndroidManifest.xml:43:13-45:29
131                <action android:name="androidx.profileinstaller.action.SKIP_FILE" />
131-->[androidx.profileinstaller:profileinstaller:1.3.1] AndroidManifest.xml:44:17-85
131-->[androidx.profileinstaller:profileinstaller:1.3.1] AndroidManifest.xml:44:25-82
132            </intent-filter>
133            <intent-filter>
133-->[androidx.profileinstaller:profileinstaller:1.3.1] AndroidManifest.xml:46:13-48:29
134                <action android:name="androidx.profileinstaller.action.SAVE_PROFILE" />
134-->[androidx.profileinstaller:profileinstaller:1.3.1] AndroidManifest.xml:47:17-88
134-->[androidx.profileinstaller:profileinstaller:1.3.1] AndroidManifest.xml:47:25-85
135            </intent-filter>
136            <intent-filter>
136-->[androidx.profileinstaller:profileinstaller:1.3.1] AndroidManifest.xml:49:13-51:29
137                <action android:name="androidx.profileinstaller.action.BENCHMARK_OPERATION" />
137-->[androidx.profileinstaller:profileinstaller:1.3.1] AndroidManifest.xml:50:17-95
137-->[androidx.profileinstaller:profileinstaller:1.3.1] AndroidManifest.xml:50:25-92
138            </intent-filter>
139        </receiver>
140    </application>
141
142</manifest>